\BOOKMARK [1][-]{section.1}{\376\377\000O\000b\000j\000e\000t\000i\000v\000o}{}% 1
\BOOKMARK [1][-]{section.2}{\376\377\000S\000\355\000n\000t\000e\000s\000e\000\040\000e\000x\000e\000c\000u\000t\000i\000v\000a}{}% 2
\BOOKMARK [1][-]{section.3}{\376\377\000F\000e\000r\000r\000a\000m\000e\000n\000t\000a\000\040\000d\000e\000\040\000r\000e\000f\000e\000r\000\352\000n\000c\000i\000a\000:\000\040\000T\000e\000r\000r\000a\000n\000i\000m\000o}{}% 3
\BOOKMARK [1][-]{section.4}{\376\377\000A\000n\000\341\000l\000o\000g\000o\000s\000\040\000i\000n\000t\000e\000r\000n\000a\000c\000i\000o\000n\000a\000i\000s}{}% 4
\BOOKMARK [2][-]{subsection.4.1}{\376\377\000S\000o\000i\000l\000F\000l\000e\000x\000\040\000\050\000S\000u\000\355\000\347\000a\000/\000S\000u\000\351\000c\000i\000a\000\051}{section.4}% 5
\BOOKMARK [2][-]{subsection.4.2}{\376\377\000T\000A\000S\000C\000\040\040\024\000\040\000T\000y\000r\000e\000s\000/\000T\000r\000a\000c\000k\000s\000\040\000A\000n\000d\000\040\000S\000o\000i\000l\000\040\000C\000o\000m\000p\000a\000c\000t\000i\000o\000n\000\040\000\050\000S\000u\000\355\000\347\000a\000/\000S\000u\000\351\000c\000i\000a\000\051}{section.4}% 6
\BOOKMARK [2][-]{subsection.4.3}{\376\377\000S\000O\000C\000O\000M\000O\000\040\040\024\000\040\000S\000O\000i\000l\000\040\000C\000O\000m\000p\000a\000c\000t\000i\000o\000n\000\040\000M\000O\000d\000e\000l\000\040\000\050\000H\000o\000l\000a\000n\000d\000a\000\051}{section.4}% 7
\BOOKMARK [2][-]{subsection.4.4}{\376\377\000C\000O\000M\000P\000S\000O\000I\000L\000\040\000\050\000I\000r\000l\000a\000n\000d\000a\000/\000U\000E\000\040\040\024\000\040\000p\000r\000o\000j\000e\000t\000o\000\040\000S\000I\000D\000A\000S\000S\000\051}{section.4}% 8
\BOOKMARK [2][-]{subsection.4.5}{\376\377\000R\000E\000P\000R\000O\000\040\000\050\000A\000l\000e\000m\000a\000n\000h\000a\000\051}{section.4}% 9
\BOOKMARK [2][-]{subsection.4.6}{\376\377\000S\000o\000f\000t\000s\000o\000i\000l\000\040\000/\000\040\000P\000L\000A\000X\000I\000S\000\040\000\050\000H\000o\000l\000a\000n\000d\000a\000\040\040\024\000\040\000c\000o\000m\000e\000r\000c\000i\000a\000l\000\051}{section.4}% 10
\BOOKMARK [2][-]{subsection.4.7}{\376\377\000S\000o\000i\000l\0002\000C\000o\000v\000e\000r\000\040\000\050\000S\000u\000\355\000\347\000a\000/\000S\000u\000\351\000c\000i\000a\000\040\040\024\000\040\0002\0000\0002\0005\000\051}{section.4}% 11
\BOOKMARK [2][-]{subsection.4.8}{\376\377\000P\000T\000F\000s\000\040\000H\000o\000r\000n\000/\000L\000e\000b\000e\000r\000t\000\040\000\050\000A\000l\000e\000m\000a\000n\000h\000a\000\051}{section.4}% 12
\BOOKMARK [2][-]{subsection.4.9}{\376\377\000F\000R\000I\000D\000A\000\040\000\050\000A\000l\000e\000m\000a\000n\000h\000a\000\051}{section.4}% 13
\BOOKMARK [2][-]{subsection.4.10}{\376\377\000A\000b\000o\000r\000d\000a\000g\000e\000n\000s\000\040\000A\000N\000N\000/\000M\000L\000\040\000\050\000d\000i\000v\000e\000r\000s\000o\000s\000\040\000p\000a\000\355\000s\000e\000s\000,\000\040\0002\0000\0002\0000\040\023\0002\0000\0002\0005\000\051}{section.4}% 14
\BOOKMARK [1][-]{section.5}{\376\377\000Q\000u\000a\000d\000r\000o\000\040\000c\000o\000m\000p\000a\000r\000a\000t\000i\000v\000o\000\040\000i\000n\000t\000e\000r\000n\000a\000c\000i\000o\000n\000a\000l}{}% 15
\BOOKMARK [1][-]{section.6}{\376\377\000A\000n\000\341\000l\000o\000g\000o\000s\000\040\000b\000r\000a\000s\000i\000l\000e\000i\000r\000o\000s\000\040\040\024\000\040\000F\000e\000r\000r\000a\000m\000e\000n\000t\000a\000s\000\040\000f\000u\000n\000c\000i\000o\000n\000a\000i\000s}{}% 16
\BOOKMARK [2][-]{subsection.6.1}{\376\377\000P\000r\000e\000d\000C\000o\000m\000p\000\040\000\050\000w\000e\000b\000\040\000a\000p\000p\000\040\000/\000\040\000S\000h\000i\000n\000y\000\051}{section.6}% 17
\BOOKMARK [2][-]{subsection.6.2}{\376\377\000C\000O\000M\000P\000S\000O\000H\000M\000A\000\040\000\050\000w\000e\000b\000\040\000a\000p\000p\000\040\000/\000\040\000S\000h\000i\000n\000y\000,\000\040\000b\000e\000t\000a\000\051}{section.6}% 18
\BOOKMARK [1][-]{section.7}{\376\377\000P\000a\000c\000o\000t\000e\000\040\000s\000o\000i\000l\000p\000h\000y\000s\000i\000c\000s\000\040\040\024\000\040\000i\000n\000f\000r\000a\000e\000s\000t\000r\000u\000t\000u\000r\000a\000\040\000c\000o\000m\000p\000u\000t\000a\000c\000i\000o\000n\000a\000l}{}% 19
\BOOKMARK [2][-]{subsection.7.1}{\376\377\000F\000u\000n\000\347\000\365\000e\000s\000\040\000d\000e\000\040\000c\000o\000m\000p\000a\000c\000t\000a\000\347\000\343\000o}{section.7}% 20
\BOOKMARK [2][-]{subsection.7.2}{\376\377\000P\000T\000F\000s\000\040\000c\000a\000l\000i\000b\000r\000a\000d\000a\000s\000\040\000c\000o\000m\000\040\000s\000o\000l\000o\000s\000\040\000b\000r\000a\000s\000i\000l\000e\000i\000r\000o\000s\000\040\000\050\000j\000\341\000\040\000n\000o\000\040\000p\000a\000c\000o\000t\000e\000\051}{section.7}% 21
\BOOKMARK [1][-]{section.8}{\376\377\000G\000r\000u\000p\000o\000s\000\040\000d\000e\000\040\000p\000e\000s\000q\000u\000i\000s\000a\000\040\000e\000\040\000i\000n\000s\000t\000i\000t\000u\000i\000\347\000\365\000e\000s\000\040\000\050\000B\000r\000a\000s\000i\000l\000\051}{}% 22
\BOOKMARK [2][-]{subsection.8.1}{\376\377\000E\000S\000A\000L\000Q\000/\000U\000S\000P\000\040\000\050\000P\000i\000r\000a\000c\000i\000c\000a\000b\000a\000,\000\040\000S\000P\000\051\000\040\040\024\000\040\000h\000u\000b\000\040\000p\000r\000i\000n\000c\000i\000p\000a\000l}{section.8}% 23
\BOOKMARK [2][-]{subsection.8.2}{\376\377\000O\000u\000t\000r\000a\000s\000\040\000i\000n\000s\000t\000i\000t\000u\000i\000\347\000\365\000e\000s\000\040\000r\000e\000l\000e\000v\000a\000n\000t\000e\000s}{section.8}% 24
\BOOKMARK [1][-]{section.9}{\376\377\000B\000a\000s\000e\000s\000\040\000d\000e\000\040\000d\000a\000d\000o\000s\000\040\000e\000\040\000r\000e\000c\000u\000r\000s\000o\000s\000\040\000b\000r\000a\000s\000i\000l\000e\000i\000r\000o\000s}{}% 25
\BOOKMARK [1][-]{section.10}{\376\377\000D\000o\000c\000u\000m\000e\000n\000t\000a\000\347\000\343\000o\000\040\000t\000\351\000c\000n\000i\000c\000a\000\040\000e\000\040\000c\000\363\000d\000i\000g\000o\000-\000f\000o\000n\000t\000e}{}% 26
\BOOKMARK [1][-]{section.11}{\376\377\000A\000r\000t\000i\000g\000o\000s\000\040\000e\000\040\000p\000r\000o\000d\000u\000\347\000\343\000o\000\040\000c\000i\000e\000n\000t\000\355\000f\000i\000c\000a}{}% 27
\BOOKMARK [2][-]{subsection.11.1}{\376\377\000S\000o\000f\000t\000w\000a\000r\000e\000\040\000e\000\040\000f\000e\000r\000r\000a\000m\000e\000n\000t\000a\000s}{section.11}% 28
\BOOKMARK [2][-]{subsection.11.2}{\376\377\000A\000p\000l\000i\000c\000a\000\347\000\343\000o\000\040\000n\000o\000\040\000B\000r\000a\000s\000i\000l}{section.11}% 29
\BOOKMARK [2][-]{subsection.11.3}{\376\377\000M\000o\000d\000e\000l\000o\000s\000\040\000d\000e\000\040\000r\000e\000f\000e\000r\000\352\000n\000c\000i\000a\000\040\000i\000n\000t\000e\000r\000n\000a\000c\000i\000o\000n\000a\000l}{section.11}% 30
\BOOKMARK [2][-]{subsection.11.4}{\376\377\000T\000e\000s\000e\000s}{section.11}% 31
\BOOKMARK [1][-]{section.12}{\376\377\000E\000v\000i\000d\000\352\000n\000c\000i\000a\000\040\000i\000n\000s\000t\000i\000t\000u\000c\000i\000o\000n\000a\000l\000\040\000e\000\040\000f\000i\000n\000a\000n\000c\000i\000a\000m\000e\000n\000t\000o}{}% 32
\BOOKMARK [1][-]{section.13}{\376\377\000A\000n\000\341\000l\000o\000g\000o\000s\000\040\000b\000r\000a\000s\000i\000l\000e\000i\000r\000o\000s\000\040\000c\000o\000m\000\040\000e\000s\000c\000o\000p\000o\000\040\000d\000i\000f\000e\000r\000e\000n\000t\000e}{}% 33
\BOOKMARK [1][-]{section.14}{\376\377\000L\000a\000c\000u\000n\000a\000s\000\040\000c\000r\000\355\000t\000i\000c\000a\000s\000\040\000p\000a\000r\000a\000\040\000u\000m\000\040\000T\000e\000r\000r\000a\000n\000i\000m\000o\000\040\000b\000r\000a\000s\000i\000l\000e\000i\000r\000o}{}% 34
\BOOKMARK [1][-]{section.15}{\376\377\000C\000o\000n\000c\000l\000u\000s\000\343\000o\000\040\000p\000r\000\341\000t\000i\000c\000a\000\040\000p\000a\000r\000a\000\040\000o\000\040\000p\000r\000o\000j\000e\000t\000o}{}% 35
